# JRE version: OpenJDK Runtime Environment (19.0.1+10) (build 19.0.1+10-21)
# Java VM: OpenJDK 64-Bit Server VM (19.0.1+10-21, mixed mode, emulated-client, sharing, tiered, compressed oops, compressed class ptrs, g1 gc, windows-amd64)
GC Precious Log:
 CardTable entry size: 512
 Card Set container configuration: InlinePtr #cards 4 size 8 Array Of Cards #cards 16 size 48 Howl #buckets 8 coarsen threshold 3686 Howl Bitmap #cards 512 size 80 coarsen threshold 460 Card regions per heap region 1 cards per card region 4096
 CPUs: 4 total, 4 available
 Memory: 12279M
 Large Page Support: Disabled
 NUMA Support: Disabled
 Compressed Oops: Enabled (Zero based)
 Heap Region Size: 2M
 Heap Min Capacity: 8M
 Heap Initial Capacity: 192M
 Heap Max Capacity: 3070M
 Pre-touch: Disabled
 Parallel Workers: 4
 Concurrent Workers: 1
 Concurrent Refinement Workers: 4
 Periodic GC: Disabled
Heap:
 garbage-first heap   total 196608K, used 21696K [0x0000000740200000, 0x0000000800000000)
  region size 2048K, 9 young (18432K), 2 survivors (4096K)
 Metaspace       used 16348K, committed 16640K, reserved 1114112K
  class space    used 2235K, committed 2368K, reserved 1048576K
GC Heap History (6 events):
Event: 0.863 GC heap before
{Heap before GC invocations=0 (full 0):
 garbage-first heap   total 196608K, used 12288K [0x0000000740200000, 0x0000000800000000)
  region size 2048K, 6 young (12288K), 0 survivors (0K)
 Metaspace       used 3131K, committed 3328K, reserved 1114112K
  class space    used 353K, committed 448K, reserved 1048576K
}
Event: 0.882 GC heap after
{Heap after GC invocations=1 (full 0):
 garbage-first heap   total 196608K, used 4956K [0x0000000740200000, 0x0000000800000000)
  region size 2048K, 1 young (2048K), 1 survivors (2048K)
 Metaspace       used 3131K, committed 3328K, reserved 1114112K
  class space    used 353K, committed 448K, reserved 1048576K
}
Event: 1.150 GC heap before
{Heap before GC invocations=1 (full 0):
 garbage-first heap   total 196608K, used 11100K [0x0000000740200000, 0x0000000800000000)
  region size 2048K, 5 young (10240K), 1 survivors (2048K)
 Metaspace       used 6077K, committed 6272K, reserved 1114112K
  class space    used 712K, committed 832K, reserved 1048576K
}
Event: 1.154 GC heap after
{Heap after GC invocations=2 (full 0):
 garbage-first heap   total 196608K, used 7007K [0x0000000740200000, 0x0000000800000000)
  region size 2048K, 1 young (2048K), 1 survivors (2048K)
 Metaspace       used 6077K, committed 6272K, reserved 1114112K
  class space    used 712K, committed 832K, reserved 1048576K
}
Event: 1.767 GC heap before
{Heap before GC invocations=2 (full 0):
 garbage-first heap   total 196608K, used 35679K [0x0000000740200000, 0x0000000800000000)
  region size 2048K, 16 young (32768K), 1 survivors (2048K)
 Metaspace       used 13819K, committed 14144K, reserved 1114112K
  class space    used 1832K, committed 1984K, reserved 1048576K
}
Event: 1.773 GC heap after
{Heap after GC invocations=3 (full 0):
 garbage-first heap   total 196608K, used 9408K [0x0000000740200000, 0x0000000800000000)
  region size 2048K, 2 young (4096K), 2 survivors (4096K)
 Metaspace       used 13819K, committed 14144K, reserved 1114112K
  class space    used 1832K, committed 1984K, reserved 1048576K
}

